2022-08-05 14:46:18,642 [INFO] Activator:177 - 


2022-08-05 14:46:18,644 [INFO] Activator:178 - !SESSION log4j initialized
2022-08-05 14:46:48,557 [ERROR] LogOutputStream:74 - [STDERR_REDIRECT] SLF4J: Failed to load class "org.slf4j.impl.StaticLoggerBinder".
2022-08-05 14:46:48,558 [ERROR] LogOutputStream:74 - [STDERR_REDIRECT] SLF4J: Defaulting to no-operation (NOP) logger implementation
2022-08-05 14:46:48,561 [ERROR] LogOutputStream:74 - [STDERR_REDIRECT] SLF4J: See http://www.slf4j.org/codes.html#StaticLoggerBinder for further details.
2022-08-05 14:48:25,807 [INFO] McuFinderGlobals:44 - Set McuFinder mode to 2 (CubeIDE integrated)
2022-08-05 14:48:26,108 [INFO] ApplicationProperties:181 - Using Application install path: C:\ST\STM32CubeIDE_1.10.1\STM32CubeIDE\plugins\com.st.stm32cube.common.mx_6.6.1.202207061420
2022-08-05 14:48:26,134 [INFO] DbMcusXml:77 - Set database path to: C:\ST\STM32CubeIDE_1.10.1\STM32CubeIDE\plugins\com.st.stm32cube.common.mx_6.6.1.202207061420\\db\/mcu/
2022-08-05 14:48:26,134 [INFO] ApiDb:269 - Set plugin database path to: C:\ST\STM32CubeIDE_1.10.1\STM32CubeIDE\plugins\com.st.stm32cube.common.mx_6.6.1.202207061420\\db\/plugins/boardmanager/
2022-08-05 14:48:26,137 [WARN] ApiDb:254 - Overriding images path with different value:  => C:\ST\STM32CubeIDE_1.10.1\STM32CubeIDE\plugins\com.st.stm32cube.common.mx_6.6.1.202207061420\\db\/plugins/mcufinder/images/
2022-08-05 14:48:26,165 [INFO] ApiDb:249 - Set database path to: C:\Users\Snadil Azad\.stmcufinder\plugins\mcufinder//mcu/
2022-08-05 14:48:26,167 [INFO] DbMcusAds:124 - Set database path to: C:\Users\Snadil Azad\.stmcufinder\plugins\mcufinder//mcu/
2022-08-05 14:48:26,183 [INFO] CrossReferenceDbSqlite:201 - Set database path to: C:\Users\Snadil Azad\.stmcufinder\plugins\mcufinder//mcu/cs/
2022-08-05 14:48:26,367 [INFO] RulesReader:61 - Compatibility file has been processed (282 Rules)
2022-08-05 14:48:26,516 [INFO] DbMcusXml:77 - Set database path to: C:\ST\STM32CubeIDE_1.10.1\STM32CubeIDE\plugins\com.st.stm32cube.common.mx_6.6.1.202207061420\\db\/mcu/
2022-08-05 14:48:26,517 [INFO] ApiDb:269 - Set plugin database path to: C:\ST\STM32CubeIDE_1.10.1\STM32CubeIDE\plugins\com.st.stm32cube.common.mx_6.6.1.202207061420\\db\/plugins/boardmanager/
2022-08-05 14:48:26,517 [INFO] ApiDb:256 - Set plugin images path to: C:\ST\STM32CubeIDE_1.10.1\STM32CubeIDE\plugins\com.st.stm32cube.common.mx_6.6.1.202207061420\\db\/plugins/mcufinder/images/
2022-08-05 14:48:26,518 [WARN] DbFile:40 - Overriding database path with different value: C:\Users\Snadil Azad\.stmcufinder\plugins\mcufinder/ => C:\Users\Snadil Azad\.stmcufinder\plugins\mcufinder
2022-08-05 14:48:26,518 [INFO] ApiDb:249 - Set database path to: C:\Users\Snadil Azad\.stmcufinder\plugins\mcufinder//mcu/
2022-08-05 14:48:26,518 [WARN] DbFile:40 - Overriding database path with different value: C:\Users\Snadil Azad\.stmcufinder\plugins\mcufinder/ => C:\Users\Snadil Azad\.stmcufinder\plugins\mcufinder
2022-08-05 14:48:26,518 [INFO] DbMcusAds:124 - Set database path to: C:\Users\Snadil Azad\.stmcufinder\plugins\mcufinder//mcu/
2022-08-05 14:48:26,520 [WARN] DbFile:40 - Overriding database path with different value: C:\Users\Snadil Azad\.stmcufinder\plugins\mcufinder/ => C:\Users\Snadil Azad\.stmcufinder\plugins\mcufinder
2022-08-05 14:48:26,520 [WARN] DbFile:40 - Overriding database path with different value: C:\Users\Snadil Azad\.stmcufinder\plugins\mcufinder/ => C:\Users\Snadil Azad\.stmcufinder\plugins\mcufinder
2022-08-05 14:48:26,520 [INFO] CrossReferenceDbSqlite:201 - Set database path to: C:\Users\Snadil Azad\.stmcufinder\plugins\mcufinder//mcu/cs/
2022-08-05 14:48:26,661 [INFO] MainPanel:242 - HeapMemory: 400556032
2022-08-05 14:48:26,827 [INFO] DbMcusXml:77 - Set database path to: C:\ST\STM32CubeIDE_1.10.1\STM32CubeIDE\plugins\com.st.stm32cube.common.mx_6.6.1.202207061420\\db\/mcu/
2022-08-05 14:48:26,827 [INFO] ApiDb:269 - Set plugin database path to: C:\ST\STM32CubeIDE_1.10.1\STM32CubeIDE\plugins\com.st.stm32cube.common.mx_6.6.1.202207061420\\db\/plugins/boardmanager/
2022-08-05 14:48:26,828 [INFO] ApiDb:256 - Set plugin images path to: C:\ST\STM32CubeIDE_1.10.1\STM32CubeIDE\plugins\com.st.stm32cube.common.mx_6.6.1.202207061420\\db\/plugins/mcufinder/images/
2022-08-05 14:48:26,828 [WARN] DbFile:40 - Overriding database path with different value: C:\Users\Snadil Azad\.stmcufinder\plugins\mcufinder/ => C:\Users\Snadil Azad\.stmcufinder\plugins\mcufinder
2022-08-05 14:48:26,828 [INFO] ApiDb:249 - Set database path to: C:\Users\Snadil Azad\.stmcufinder\plugins\mcufinder//mcu/
2022-08-05 14:48:26,829 [WARN] DbFile:40 - Overriding database path with different value: C:\Users\Snadil Azad\.stmcufinder\plugins\mcufinder/ => C:\Users\Snadil Azad\.stmcufinder\plugins\mcufinder
2022-08-05 14:48:26,829 [INFO] DbMcusAds:124 - Set database path to: C:\Users\Snadil Azad\.stmcufinder\plugins\mcufinder//mcu/
2022-08-05 14:48:26,829 [WARN] DbFile:40 - Overriding database path with different value: C:\Users\Snadil Azad\.stmcufinder\plugins\mcufinder/ => C:\Users\Snadil Azad\.stmcufinder\plugins\mcufinder
2022-08-05 14:48:26,829 [WARN] DbFile:40 - Overriding database path with different value: C:\Users\Snadil Azad\.stmcufinder\plugins\mcufinder/ => C:\Users\Snadil Azad\.stmcufinder\plugins\mcufinder
2022-08-05 14:48:26,829 [INFO] CrossReferenceDbSqlite:201 - Set database path to: C:\Users\Snadil Azad\.stmcufinder\plugins\mcufinder//mcu/cs/
2022-08-05 14:48:26,862 [INFO] ApplicationProperties:181 - Using Application install path: C:\ST\STM32CubeIDE_1.10.1\STM32CubeIDE\plugins\com.st.stm32cube.common.mx_6.6.1.202207061420
2022-08-05 14:48:26,865 [INFO] PluginManage:193 - Search for loadable plugins [exclusion list=, ]
2022-08-05 14:48:26,867 [INFO] PluginManage:307 - Check plugin analytics
2022-08-05 14:48:31,682 [INFO] AnalyticsPlugin:262 - Accepted Software Licenses: 
2022-08-05 14:48:31,683 [INFO] AnalyticsPlugin:264 - Accepted CMSIS Pack Licenses: 
2022-08-05 14:48:31,684 [INFO] AnalyticsPlugin:266 - Accepted Firmware Licenses: 
2022-08-05 14:48:31,698 [INFO] PluginManage:356 - Loaded plugin analytics (category:tool,tabindex:-1)
2022-08-05 14:48:31,698 [INFO] PluginManage:307 - Check plugin cadmodel
2022-08-05 14:48:31,732 [INFO] CADModel:65 - Init CAD model plugin
2022-08-05 14:48:31,732 [INFO] PluginManage:356 - Loaded plugin cadmodel (category:power,tabindex:5)
2022-08-05 14:48:31,733 [INFO] PluginManage:307 - Check plugin clock
2022-08-05 14:48:31,767 [INFO] PluginManage:356 - Loaded plugin clock (category:base,tabindex:2)
2022-08-05 14:48:31,767 [INFO] PluginManage:307 - Check plugin ddr
2022-08-05 14:48:31,777 [INFO] PluginManage:356 - Loaded plugin ddr (category:tool,tabindex:6)
2022-08-05 14:48:31,778 [INFO] PluginManage:307 - Check plugin filemanager
2022-08-05 14:48:32,011 [INFO] PluginManage:356 - Loaded plugin filemanager (category:base,tabindex:10)
2022-08-05 14:48:32,012 [INFO] PluginManage:307 - Check plugin ipmanager
2022-08-05 14:48:32,027 [INFO] PluginManage:356 - Loaded plugin ipmanager (category:base,tabindex:5)
2022-08-05 14:48:32,027 [INFO] PluginManage:307 - Check plugin lpbam
2022-08-05 14:48:32,063 [INFO] PluginManage:356 - Loaded plugin lpbam (category:base,tabindex:0)
2022-08-05 14:48:32,063 [INFO] PluginManage:307 - Check plugin pinoutandconfiguration
2022-08-05 14:48:32,091 [INFO] PluginManage:356 - Loaded plugin pinoutandconfiguration (category:base,tabindex:1)
2022-08-05 14:48:32,092 [INFO] PluginManage:307 - Check plugin pinoutconfig
2022-08-05 14:48:32,154 [INFO] PluginManage:356 - Loaded plugin pinoutconfig (category:base,tabindex:0)
2022-08-05 14:48:32,155 [INFO] PluginManage:307 - Check plugin power
2022-08-05 14:48:32,191 [INFO] PluginManage:356 - Loaded plugin power (category:power,tabindex:4)
2022-08-05 14:48:32,191 [INFO] PluginManage:307 - Check plugin projectmanager
2022-08-05 14:48:32,217 [INFO] PluginManage:356 - Loaded plugin projectmanager (category:projectmanager,tabindex:3)
2022-08-05 14:48:32,217 [INFO] PluginManage:307 - Check plugin thirdparty
2022-08-05 14:48:32,612 [WARN] IntegrityCheckThread:82 - waiting for thirdparty lock release [integrity check]
2022-08-05 14:48:32,613 [INFO] PluginManage:356 - Loaded plugin thirdparty (category:base,tabindex:-1)
2022-08-05 14:48:32,613 [INFO] IntegrityCheckThread:84 - entering critical section [integrity check]
2022-08-05 14:48:32,614 [INFO] PluginManage:307 - Check plugin tools
2022-08-05 14:48:32,618 [INFO] ThirdPartyUpdaterWithRetryManager:70 - Updater plugin not ready yet. [1/15]
2022-08-05 14:48:32,655 [INFO] PluginManage:356 - Loaded plugin tools (category:base,tabindex:7)
2022-08-05 14:48:32,655 [INFO] PluginManage:307 - Check plugin tutovideos
2022-08-05 14:48:33,083 [INFO] PluginManage:356 - Loaded plugin tutovideos (category:base,tabindex:-1)
2022-08-05 14:48:33,084 [INFO] PluginManage:307 - Check plugin updater
2022-08-05 14:48:33,168 [INFO] PluginManage:356 - Loaded plugin updater (category:base,tabindex:12)
2022-08-05 14:48:33,169 [INFO] PluginManage:280 - PluginManage : Loaded plugins [15]
2022-08-05 14:48:33,675 [INFO] PinOutPanel:1468 - setPackage(No Configuration,No Configuration)
2022-08-05 14:48:33,820 [INFO] CADModel:98 - CPN selected for project level
2022-08-05 14:48:33,853 [INFO] IPUIPlugin:79 - create IPUIPlugin
2022-08-05 14:48:33,853 [INFO] PluginManager:217 - loadIPPluginJar : add adc
2022-08-05 14:48:33,898 [INFO] IPUIPlugin:79 - create IPUIPlugin
2022-08-05 14:48:33,898 [INFO] PluginManager:217 - loadIPPluginJar : add aes
2022-08-05 14:48:33,943 [INFO] IPUIPlugin:79 - create IPUIPlugin
2022-08-05 14:48:33,944 [INFO] PluginManager:217 - loadIPPluginJar : add can
2022-08-05 14:48:33,975 [INFO] IPUIPlugin:79 - create IPUIPlugin
2022-08-05 14:48:33,975 [INFO] PluginManager:217 - loadIPPluginJar : add comp
2022-08-05 14:48:34,007 [INFO] IPUIPlugin:79 - create IPUIPlugin
2022-08-05 14:48:34,007 [INFO] PluginManager:217 - loadIPPluginJar : add cryp
2022-08-05 14:48:34,041 [INFO] IPUIPlugin:79 - create IPUIPlugin
2022-08-05 14:48:34,042 [INFO] PluginManager:217 - loadIPPluginJar : add dfsdm
2022-08-05 14:48:34,058 [INFO] IPUIPlugin:79 - create IPUIPlugin
2022-08-05 14:48:34,060 [INFO] PluginManager:217 - loadIPPluginJar : add dma
2022-08-05 14:48:34,101 [INFO] IPUIPlugin:79 - create IPUIPlugin
2022-08-05 14:48:34,101 [INFO] PluginManager:217 - loadIPPluginJar : add dma3
2022-08-05 14:48:34,131 [INFO] IPUIPlugin:79 - create IPUIPlugin
2022-08-05 14:48:34,131 [INFO] PluginManager:217 - loadIPPluginJar : add fatfs
2022-08-05 14:48:34,183 [INFO] IPUIPlugin:79 - create IPUIPlugin
2022-08-05 14:48:34,183 [INFO] PluginManager:217 - loadIPPluginJar : add fmc
2022-08-05 14:48:34,201 [INFO] IPUIPlugin:79 - create IPUIPlugin
2022-08-05 14:48:34,201 [INFO] PluginManager:217 - loadIPPluginJar : add freertos
2022-08-05 14:48:34,220 [INFO] IPUIPlugin:79 - create IPUIPlugin
2022-08-05 14:48:34,221 [INFO] PluginManager:217 - loadIPPluginJar : add genericplugin
2022-08-05 14:48:34,307 [INFO] IPUIPlugin:79 - create IPUIPlugin
2022-08-05 14:48:34,307 [INFO] PluginManager:217 - loadIPPluginJar : add gfxmmu
2022-08-05 14:48:34,437 [INFO] IPUIPlugin:79 - create IPUIPlugin
2022-08-05 14:48:34,437 [INFO] PluginManager:217 - loadIPPluginJar : add gic
2022-08-05 14:48:34,452 [INFO] IPUIPlugin:79 - create IPUIPlugin
2022-08-05 14:48:34,453 [INFO] PluginManager:217 - loadIPPluginJar : add gpio
2022-08-05 14:48:34,540 [INFO] IPUIPlugin:79 - create IPUIPlugin
2022-08-05 14:48:34,540 [INFO] PluginManager:217 - loadIPPluginJar : add gtzc
2022-08-05 14:48:34,567 [INFO] IPUIPlugin:79 - create IPUIPlugin
2022-08-05 14:48:34,567 [INFO] PluginManager:217 - loadIPPluginJar : add hash
2022-08-05 14:48:34,612 [INFO] IPUIPlugin:79 - create IPUIPlugin
2022-08-05 14:48:34,613 [INFO] PluginManager:217 - loadIPPluginJar : add i2c
2022-08-05 14:48:34,646 [INFO] IPUIPlugin:79 - create IPUIPlugin
2022-08-05 14:48:34,647 [INFO] PluginManager:217 - loadIPPluginJar : add i2s
2022-08-05 14:48:34,771 [INFO] IPUIPlugin:79 - create IPUIPlugin
2022-08-05 14:48:34,772 [INFO] PluginManager:217 - loadIPPluginJar : add ipddr
2022-08-05 14:48:34,861 [INFO] IPUIPlugin:79 - create IPUIPlugin
2022-08-05 14:48:34,862 [INFO] PluginManager:217 - loadIPPluginJar : add linkedlist
2022-08-05 14:48:34,895 [INFO] IPUIPlugin:79 - create IPUIPlugin
2022-08-05 14:48:34,895 [INFO] PluginManager:217 - loadIPPluginJar : add lorawan
2022-08-05 14:48:34,930 [INFO] IPUIPlugin:79 - create IPUIPlugin
2022-08-05 14:48:34,931 [INFO] PluginManager:217 - loadIPPluginJar : add ltdc
2022-08-05 14:48:34,948 [INFO] IPUIPlugin:79 - create IPUIPlugin
2022-08-05 14:48:34,948 [INFO] PluginManager:217 - loadIPPluginJar : add mdma
2022-08-05 14:48:34,963 [INFO] IPUIPlugin:79 - create IPUIPlugin
2022-08-05 14:48:34,963 [INFO] PluginManager:217 - loadIPPluginJar : add nvic
2022-08-05 14:48:34,998 [INFO] IPUIPlugin:79 - create IPUIPlugin
2022-08-05 14:48:34,999 [INFO] PluginManager:217 - loadIPPluginJar : add opamp
2022-08-05 14:48:35,065 [INFO] IPUIPlugin:79 - create IPUIPlugin
2022-08-05 14:48:35,066 [INFO] PluginManager:217 - loadIPPluginJar : add openamp
2022-08-05 14:48:35,123 [INFO] IPUIPlugin:79 - create IPUIPlugin
2022-08-05 14:48:35,123 [INFO] PluginManager:217 - loadIPPluginJar : add pdm2pcm
2022-08-05 14:48:35,142 [INFO] IPUIPlugin:79 - create IPUIPlugin
2022-08-05 14:48:35,147 [INFO] PluginManager:217 - loadIPPluginJar : add plateformsettings
2022-08-05 14:48:35,169 [INFO] IPUIPlugin:79 - create IPUIPlugin
2022-08-05 14:48:35,169 [INFO] PluginManager:217 - loadIPPluginJar : add quadspi
2022-08-05 14:48:35,186 [INFO] IPUIPlugin:79 - create IPUIPlugin
2022-08-05 14:48:35,186 [INFO] PluginManager:217 - loadIPPluginJar : add resmgrutility
2022-08-05 14:48:35,238 [INFO] IPUIPlugin:79 - create IPUIPlugin
2022-08-05 14:48:35,238 [INFO] PluginManager:217 - loadIPPluginJar : add sai
2022-08-05 14:48:35,274 [INFO] IPUIPlugin:79 - create IPUIPlugin
2022-08-05 14:48:35,274 [INFO] PluginManager:217 - loadIPPluginJar : add spi
2022-08-05 14:48:35,331 [INFO] IPUIPlugin:79 - create IPUIPlugin
2022-08-05 14:48:35,331 [INFO] PluginManager:217 - loadIPPluginJar : add stm32_wpan
2022-08-05 14:48:35,352 [INFO] IPUIPlugin:79 - create IPUIPlugin
2022-08-05 14:48:35,352 [INFO] PluginManager:217 - loadIPPluginJar : add tim
2022-08-05 14:48:35,410 [INFO] IPUIPlugin:79 - create IPUIPlugin
2022-08-05 14:48:35,410 [INFO] PluginManager:217 - loadIPPluginJar : add touchsensing
2022-08-05 14:48:35,434 [INFO] IPUIPlugin:79 - create IPUIPlugin
2022-08-05 14:48:35,434 [INFO] PluginManager:217 - loadIPPluginJar : add tracer_emb
2022-08-05 14:48:35,456 [INFO] IPUIPlugin:79 - create IPUIPlugin
2022-08-05 14:48:35,457 [INFO] PluginManager:217 - loadIPPluginJar : add ts
2022-08-05 14:48:35,475 [INFO] IPUIPlugin:79 - create IPUIPlugin
2022-08-05 14:48:35,475 [INFO] PluginManager:217 - loadIPPluginJar : add tsc
2022-08-05 14:48:35,496 [INFO] IPUIPlugin:79 - create IPUIPlugin
2022-08-05 14:48:35,496 [INFO] PluginManager:217 - loadIPPluginJar : add ucpd
2022-08-05 14:48:35,538 [INFO] IPUIPlugin:79 - create IPUIPlugin
2022-08-05 14:48:35,538 [INFO] PluginManager:217 - loadIPPluginJar : add usart
2022-08-05 14:48:35,578 [INFO] IPUIPlugin:79 - create IPUIPlugin
2022-08-05 14:48:35,579 [INFO] PluginManager:217 - loadIPPluginJar : add usbx
2022-08-05 14:48:35,624 [INFO] ThirdPartyUpdaterWithRetryManager:70 - Updater plugin not ready yet. [2/15]
2022-08-05 14:48:36,017 [FATAL] Updater:301 - Updater called before beeing initialized
2022-08-05 14:48:36,193 [FATAL] Updater:301 - Updater called before beeing initialized
2022-08-05 14:48:36,206 [INFO] DbMcusAds:52 - JSON generation date=Thu Sep 30 12:55:09 BDT 2021 (1632984909377)
2022-08-05 14:48:36,206 [FATAL] Updater:301 - Updater called before beeing initialized
2022-08-05 14:48:36,317 [WARN] DetailPanel:344 - Failed to get advertising image, set to default
2022-08-05 14:48:36,527 [FATAL] Updater:301 - Updater called before beeing initialized
2022-08-05 14:48:36,531 [FATAL] Updater:301 - Updater called before beeing initialized
2022-08-05 14:48:36,531 [FATAL] Updater:301 - Updater called before beeing initialized
2022-08-05 14:48:36,531 [WARN] DetailPanel:344 - Failed to get advertising image, set to default
2022-08-05 14:48:36,533 [FATAL] Updater:301 - Updater called before beeing initialized
2022-08-05 14:48:36,622 [ERROR] Updater:1105 - MainUpdater not yet initialized. External WinMGr cannot be set.
2022-08-05 14:48:36,632 [INFO] Updater:1041 - Updater Version found : 6.6.1
2022-08-05 14:48:36,659 [INFO] ApplicationProperties:181 - Using Application install path: C:\ST\STM32CubeIDE_1.10.1\STM32CubeIDE\plugins\com.st.stm32cube.common.mx_6.6.1.202207061420
2022-08-05 14:48:37,248 [INFO] MainUpdater:2768 - connection check result : 10
2022-08-05 14:48:37,249 [INFO] MainUpdater:280 - Updater Check For Update Now.
2022-08-05 14:48:37,250 [INFO] MicroXplorer:481 - Change Database Version : DB.6.0.60
2022-08-05 14:48:37,590 [INFO] CheckServerUpdateThread:119 - End of CheckServer Thread
2022-08-05 14:48:37,707 [INFO] MainUpdater:2768 - connection check result : 10
2022-08-05 14:48:38,824 [WARN] PackLoader:242 - Cannot read IP mode file for STMicroelectronics.X-CUBE-GNSS1.6.0.0
2022-08-05 14:48:38,884 [WARN] PackLoader:242 - Cannot read IP mode file for STMicroelectronics.X-CUBE-AZRTOS-F4.1.1.0
2022-08-05 14:48:39,071 [WARN] PackLoader:242 - Cannot read IP mode file for STMicroelectronics.X-CUBE-MEMS1.9.2.0
2022-08-05 14:48:39,622 [WARN] PackLoader:242 - Cannot read IP mode file for STMicroelectronics.X-CUBE-AZRTOS-F7.1.1.0
2022-08-05 14:48:39,648 [WARN] PackLoader:242 - Cannot read IP mode file for STMicroelectronics.X-CUBE-BLE1.6.2.3
2022-08-05 14:48:39,666 [WARN] PackLoader:242 - Cannot read IP mode file for STMicroelectronics.X-CUBE-NFC4.2.0.4
2022-08-05 14:48:39,701 [WARN] PackLoader:242 - Cannot read IP mode file for STMicroelectronics.X-CUBE-TOF1.3.1.0
2022-08-05 14:48:39,805 [WARN] PackLoader:242 - Cannot read IP mode file for STMicroelectronics.X-CUBE-AZRTOS-F4.1.0.0
2022-08-05 14:48:39,828 [WARN] PackLoader:242 - Cannot read IP mode file for STMicroelectronics.X-CUBE-NFC7.1.0.0
2022-08-05 14:48:39,984 [WARN] PackLoader:242 - Cannot read IP mode file for STMicroelectronics.X-CUBE-MEMS1.9.3.0
2022-08-05 14:48:40,301 [WARN] PackLoader:242 - Cannot read IP mode file for STMicroelectronics.X-CUBE-AI.7.2.0
2022-08-05 14:48:40,327 [WARN] PackLoader:242 - Cannot read IP mode file for STMicroelectronics.X-CUBE-SFXS2LP1.4.0.0
2022-08-05 14:48:40,344 [WARN] PackLoader:242 - Cannot read IP mode file for STMicroelectronics.X-CUBE-BLE2.3.3.0
2022-08-05 14:48:40,367 [WARN] PackLoader:242 - Cannot read IP mode file for STMicroelectronics.X-CUBE-DISPLAY.2.2.0
2022-08-05 14:48:40,401 [WARN] PackLoader:242 - Cannot read IP mode file for RoweBots.I-CUBE-UNISONRTOS.5.5.0-4
2022-08-05 14:48:40,490 [WARN] PackLoader:242 - Cannot read IP mode file for STMicroelectronics.X-CUBE-AZRTOS-H7.2.1.0
2022-08-05 14:48:40,511 [WARN] PackLoader:242 - Cannot read IP mode file for wolfSSL.I-CUBE-wolfSSL.5.4.0
2022-08-05 14:48:40,530 [WARN] PackLoader:242 - Cannot read IP mode file for STMicroelectronics.X-CUBE-BLEMGR.1.0.0
2022-08-05 14:48:40,550 [WARN] PackLoader:242 - Cannot read IP mode file for STMicroelectronics.X-CUBE-ALGOBUILD.1.3.0
2022-08-05 14:48:40,634 [WARN] PackLoader:242 - Cannot read IP mode file for STMicroelectronics.X-CUBE-AZRTOS-G0.1.1.0
2022-08-05 14:48:40,679 [WARN] PackLoader:242 - Cannot read IP mode file for STMicroelectronics.X-CUBE-SUBG2.5.0.0
2022-08-05 14:48:40,790 [WARN] PackLoader:242 - Cannot read IP mode file for SEGGER.I-CUBE-embOS.1.2.0
2022-08-05 14:48:40,883 [WARN] PackLoader:242 - Cannot read IP mode file for STMicroelectronics.FP-ATR-ASTRA1.1.1.0
2022-08-05 14:48:40,921 [WARN] PackLoader:242 - Cannot read IP mode file for STMicroelectronics.X-CUBE-AZRTOS-G4.1.0.0
2022-08-05 14:48:40,988 [WARN] PackLoader:242 - Cannot read IP mode file for STMicroelectronics.X-CUBE-AZRTOS-L4.1.0.0
2022-08-05 14:48:41,014 [WARN] PackLoader:242 - Cannot read IP mode file for emotas.I-CUBE-CANOPEN.1.1.2
2022-08-05 14:48:41,034 [WARN] PackLoader:242 - Cannot read IP mode file for STMicroelectronics.X-CUBE-TOUCHGFX.4.20.0
2022-08-05 14:48:41,067 [WARN] PackLoader:242 - Cannot read IP mode file for STMicroelectronics.X-CUBE-AZRTOS-WL.1.0.0
2022-08-05 14:48:41,089 [WARN] PackLoader:242 - Cannot read IP mode file for portGmbH.I-Cube-SoM-uGOAL.1.1.0
2022-08-05 14:48:41,106 [WARN] PackLoader:242 - Cannot read IP mode file for STMicroelectronics.X-CUBE-ALS.1.0.1
2022-08-05 14:48:41,142 [WARN] PackLoader:242 - Cannot read IP mode file for STMicroelectronics.X-CUBE-AZRTOS-L5.1.0.0
2022-08-05 14:48:41,171 [WARN] PackLoader:242 - Cannot read IP mode file for STMicroelectronics.X-CUBE-EEPRMA1.3.1.1
2022-08-05 14:48:41,173 [INFO] ThirdParty:929 - Integrity check success = true
2022-08-05 14:48:41,173 [INFO] IntegrityCheckThread:98 - exiting critical section [integrity check]
2022-08-05 14:48:41,173 [INFO] IntegrityCheckThread:101 - End integrity checks thread
2022-08-05 14:48:43,545 [INFO] McuFinderGlobals:57 - Set McuFinderConnectedMode to true
2022-08-05 14:48:43,561 [INFO] MultiScanPanel:195 - Auto-refresh data requested => check proxy status ongoing
2022-08-05 14:48:43,569 [INFO] FinderPluginLoader:92 - Searching for filters in installed packs
2022-08-05 14:48:43,776 [INFO] ApiDb:576 - Connected to CubeFinder SQLite database (C:\Users\Snadil Azad\.stmcufinder\plugins\mcufinder\mcu\cube-finder-db.db)
2022-08-05 14:48:43,942 [INFO] ApiDb:663 - CubeFinder database Data Model version=2.1
2022-08-05 14:48:43,943 [INFO] ApiDb:664 - CubeFinder database Configuration version=3.0.32
2022-08-05 14:48:43,943 [INFO] ApiDb:665 - CubeFinder database generation date=2022-07-13 (1657716335)
2022-08-05 14:48:43,943 [INFO] ApiDb:666 - CubeFinder database FW Pack versions=[STM32Cube_FW_C0_V1.0.0, STM32Cube_FW_F4_V1.27.1, STM32Cube_FW_F7_V1.17.0, STM32Cube_FW_G0_V1.6.1, STM32Cube_FW_G4_V1.5.0, STM32Cube_FW_H7_V1.10.0, STM32Cube_FW_L5_V1.4.0, STM32Cube_FW_U5_V1.1.1, STM32Cube_FW_WB_V1.14.0, STM32Cube_FW_WL_V1.2.0, X-CUBE-ALGOBUILD_V1.3.0, X-CUBE-ALS_V1.0.1, X-CUBE-AZRTOS-F4_V1.0.0, X-CUBE-AZRTOS-F7_V1.1.0, X-CUBE-AZRTOS-G0_V1.1.0, X-CUBE-AZRTOS-G4_V1.0.0, X-CUBE-AZRTOS-H7_V2.1.0, X-CUBE-AZRTOS-L4_V1.0.0, X-CUBE-AZRTOS-L5_V1.0.0, X-CUBE-AZRTOS-WL_V1.0.0, X-CUBE-BLE1_V6.2.3, X-CUBE-BLE2_V3.3.0, X-CUBE-EEPRMA1_V3.1.1, X-CUBE-GNSS1_V6.0.0, X-CUBE-MEMS1_V9.1.0, X-CUBE-NFC4_V2.0.3, X-CUBE-NFC7_V1.0.0, X-CUBE-SFXS2LP1_V3.1.0, X-CUBE-SUBG2_V5.0.0]
2022-08-05 14:48:47,806 [INFO] ApiDb:239 - Found 138 in-development CPN: [B-WB1M-WPAN1, NUCLEO-C031C6, STEVAL-STWINBX1, STM320518-EVAL, STM32C0116-DK, STM32C011D6Y3TR, STM32C011D6Y6TR, STM32C011F4P3, STM32C011F4P6, STM32C011F4U3, STM32C011F4U6TR, STM32C011F6P3, STM32C011F6P6, STM32C011F6U3, STM32C011F6U6TR, STM32C011J4M3, STM32C011J4M6, STM32C011J6M3, STM32C011J6M6, STM32C0316-DK, STM32C031C4T3, STM32C031C4T6, STM32C031C4U3, STM32C031C4U6, STM32C031C6T3, STM32C031C6T6, STM32C031C6U3, STM32C031C6U6, STM32C031F4P3, STM32C031F4P6, STM32C031F6P3, STM32C031F6P6, STM32C031G4U3, STM32C031G4U6, STM32C031G6U3, STM32C031G6U6, STM32C031K4T3, STM32C031K4T6, STM32C031K4U3, STM32C031K4U6, STM32C031K6T3, STM32C031K6T6, STM32C031K6U3, STM32C031K6U6, STM32G071K8TXN, STM32G071K8UXN, STM32G081GBU6N, STM32G081KBT6N, STM32G081KBUXN, STM32G0B1CCT6N, STM32G0B1KCT6, STM32G0B1NEY6TR, STM32G0B1RCT6N, STM32G0C1CCT6, STM32G0C1CCT6N, STM32G0C1CCU6N, STM32G0C1CET6N, STM32G0C1CEU6N, STM32G0C1KCT6, STM32G0C1NEY6TR, STM32G0C1RCI6N, STM32G0C1RCT6N, STM32G0C1REI6N, STM32G0C1RET6N, STM32G0C1VCI6, STM32G0C1VEI6, STM32G471CCT6, STM32G471CCU6, STM32G471CET3, STM32G471CET6, STM32G471CEU3, STM32G471CEU6, STM32G471MCT6, STM32G471MET3, STM32G471MET6, STM32G471MEY6TR, STM32G471QCT6, STM32G471QET3, STM32G471RCT6, STM32G471RET3, STM32G471RET6, STM32G471VCH6, STM32G471VCI6, STM32G471VCT6, STM32G471VEH3, STM32G471VEH6, STM32G471VEI3, STM32G471VEI6, STM32G471VET3, STM32G471VET6, STM32G474CCT6, STM32L476VGY6PTR, STM32L4R5QGI6STR, STM32MP131AAE3, STM32MP131AAF3, STM32MP131AAG3, STM32MP131CAE3, STM32MP131CAF3, STM32MP131CAG3, STM32MP131DAE7, STM32MP131DAF7, STM32MP131DAG7, STM32MP131FAE7, STM32MP131FAF7, STM32MP131FAG7, STM32MP133AAE3, STM32MP133AAF3, STM32MP133AAG3, STM32MP133CAE3, STM32MP133CAF3, STM32MP133CAG3, STM32MP133DAE7, STM32MP133DAF7, STM32MP133DAG7, STM32MP133FAE7, STM32MP133FAF7, STM32MP133FAG7, STM32MP135AAE3, STM32MP135AAF3, STM32MP135AAG3, STM32MP135CAE3, STM32MP135CAF3, STM32MP135CAG3, STM32MP135DAE7, STM32MP135DAF7, STM32MP135DAG7, STM32MP135F-DK, STM32MP135FAE7, STM32MP135FAF7, STM32MP135FAG7, STM32U595ZJT6Q, STM32U599BJY6QTR, STM32U599NIH6Q, STM32U599NJH6Q, STM32U5A5ZJT6Q, STM32U5A9BJY6QTR, STM32U5A9NJH6Q, STM32WB1MMCH6]
2022-08-05 14:48:47,813 [INFO] DbMcus:215 - Found 3542 MCUs, 3542 are supported
2022-08-05 14:48:47,816 [INFO] ApiDb:418 - Load user favorites file C:\Users\Snadil Azad/.stm32cubeide/favorites.mcus.txt: 0 item(s)
2022-08-05 14:48:47,817 [INFO] ApiDb:422 - User favorites MCUs=[]
2022-08-05 14:48:47,817 [INFO] DbMcus:221 - Set 0 / 0 favorites MCUs
2022-08-05 14:48:50,516 [INFO] LoadUrlFilesThread:177 - End of LoadServerUrlFiles without Thread
2022-08-05 14:48:50,544 [INFO] DetailPanel:339 - Set advertising image to C:/Users/Snadil Azad/STM32Cube/Repository/\en.Prom_NBSTM32U50921.jpg
2022-08-05 14:48:51,718 [INFO] MultiScanPanel:778 - Auto Refresh Data is not needed
2022-08-05 14:48:51,734 [INFO] ApiDb:663 - CubeFinder database Data Model version=2.1
2022-08-05 14:48:51,734 [INFO] ApiDb:664 - CubeFinder database Configuration version=3.0.32
2022-08-05 14:48:51,734 [INFO] ApiDb:665 - CubeFinder database generation date=2022-07-13 (1657716335)
2022-08-05 14:48:51,734 [INFO] ApiDb:666 - CubeFinder database FW Pack versions=[STM32Cube_FW_C0_V1.0.0, STM32Cube_FW_F4_V1.27.1, STM32Cube_FW_F7_V1.17.0, STM32Cube_FW_G0_V1.6.1, STM32Cube_FW_G4_V1.5.0, STM32Cube_FW_H7_V1.10.0, STM32Cube_FW_L5_V1.4.0, STM32Cube_FW_U5_V1.1.1, STM32Cube_FW_WB_V1.14.0, STM32Cube_FW_WL_V1.2.0, X-CUBE-ALGOBUILD_V1.3.0, X-CUBE-ALS_V1.0.1, X-CUBE-AZRTOS-F4_V1.0.0, X-CUBE-AZRTOS-F7_V1.1.0, X-CUBE-AZRTOS-G0_V1.1.0, X-CUBE-AZRTOS-G4_V1.0.0, X-CUBE-AZRTOS-H7_V2.1.0, X-CUBE-AZRTOS-L4_V1.0.0, X-CUBE-AZRTOS-L5_V1.0.0, X-CUBE-AZRTOS-WL_V1.0.0, X-CUBE-BLE1_V6.2.3, X-CUBE-BLE2_V3.3.0, X-CUBE-EEPRMA1_V3.1.1, X-CUBE-GNSS1_V6.0.0, X-CUBE-MEMS1_V9.1.0, X-CUBE-NFC4_V2.0.3, X-CUBE-NFC7_V1.0.0, X-CUBE-SFXS2LP1_V3.1.0, X-CUBE-SUBG2_V5.0.0]
2022-08-05 14:48:51,910 [INFO] DbBoardsSqlite:227 - include board P-NUCLEO-WB55-NUCLEO as a kit item of type 'Nucleo-64'
2022-08-05 14:48:51,910 [INFO] DbBoardsSqlite:227 - include board P-NUCLEO-WB55-USBDONGLE as a kit item of type 'Nucleo USB Dongle'
2022-08-05 14:48:51,912 [INFO] DbBoardsSqlite:227 - include board STEVAL-IDP005V1 as a kit item of type 'Evaluation Board'
2022-08-05 14:48:51,912 [INFO] DbBoardsSqlite:227 - include board STEVAL-IDP005V2 as a kit item of type 'Evaluation Board'
2022-08-05 14:48:51,946 [INFO] ApiDb:239 - Found 138 in-development CPN: [B-WB1M-WPAN1, NUCLEO-C031C6, STEVAL-STWINBX1, STM320518-EVAL, STM32C0116-DK, STM32C011D6Y3TR, STM32C011D6Y6TR, STM32C011F4P3, STM32C011F4P6, STM32C011F4U3, STM32C011F4U6TR, STM32C011F6P3, STM32C011F6P6, STM32C011F6U3, STM32C011F6U6TR, STM32C011J4M3, STM32C011J4M6, STM32C011J6M3, STM32C011J6M6, STM32C0316-DK, STM32C031C4T3, STM32C031C4T6, STM32C031C4U3, STM32C031C4U6, STM32C031C6T3, STM32C031C6T6, STM32C031C6U3, STM32C031C6U6, STM32C031F4P3, STM32C031F4P6, STM32C031F6P3, STM32C031F6P6, STM32C031G4U3, STM32C031G4U6, STM32C031G6U3, STM32C031G6U6, STM32C031K4T3, STM32C031K4T6, STM32C031K4U3, STM32C031K4U6, STM32C031K6T3, STM32C031K6T6, STM32C031K6U3, STM32C031K6U6, STM32G071K8TXN, STM32G071K8UXN, STM32G081GBU6N, STM32G081KBT6N, STM32G081KBUXN, STM32G0B1CCT6N, STM32G0B1KCT6, STM32G0B1NEY6TR, STM32G0B1RCT6N, STM32G0C1CCT6, STM32G0C1CCT6N, STM32G0C1CCU6N, STM32G0C1CET6N, STM32G0C1CEU6N, STM32G0C1KCT6, STM32G0C1NEY6TR, STM32G0C1RCI6N, STM32G0C1RCT6N, STM32G0C1REI6N, STM32G0C1RET6N, STM32G0C1VCI6, STM32G0C1VEI6, STM32G471CCT6, STM32G471CCU6, STM32G471CET3, STM32G471CET6, STM32G471CEU3, STM32G471CEU6, STM32G471MCT6, STM32G471MET3, STM32G471MET6, STM32G471MEY6TR, STM32G471QCT6, STM32G471QET3, STM32G471RCT6, STM32G471RET3, STM32G471RET6, STM32G471VCH6, STM32G471VCI6, STM32G471VCT6, STM32G471VEH3, STM32G471VEH6, STM32G471VEI3, STM32G471VEI6, STM32G471VET3, STM32G471VET6, STM32G474CCT6, STM32L476VGY6PTR, STM32L4R5QGI6STR, STM32MP131AAE3, STM32MP131AAF3, STM32MP131AAG3, STM32MP131CAE3, STM32MP131CAF3, STM32MP131CAG3, STM32MP131DAE7, STM32MP131DAF7, STM32MP131DAG7, STM32MP131FAE7, STM32MP131FAF7, STM32MP131FAG7, STM32MP133AAE3, STM32MP133AAF3, STM32MP133AAG3, STM32MP133CAE3, STM32MP133CAF3, STM32MP133CAG3, STM32MP133DAE7, STM32MP133DAF7, STM32MP133DAG7, STM32MP133FAE7, STM32MP133FAF7, STM32MP133FAG7, STM32MP135AAE3, STM32MP135AAF3, STM32MP135AAG3, STM32MP135CAE3, STM32MP135CAF3, STM32MP135CAG3, STM32MP135DAE7, STM32MP135DAF7, STM32MP135DAG7, STM32MP135F-DK, STM32MP135FAE7, STM32MP135FAF7, STM32MP135FAG7, STM32U595ZJT6Q, STM32U599BJY6QTR, STM32U599NIH6Q, STM32U599NJH6Q, STM32U5A5ZJT6Q, STM32U5A9BJY6QTR, STM32U5A9NJH6Q, STM32WB1MMCH6]
2022-08-05 14:48:52,239 [INFO] BoardInfo:879 - No configuration file found for board P-NUCLEO-WB55
2022-08-05 14:48:52,240 [INFO] DbBoards:156 - Kit is not supported: P-NUCLEO-WB55
2022-08-05 14:48:52,253 [INFO] BoardInfo:879 - No configuration file found for board STEVAL-BFA001V1B
2022-08-05 14:48:52,253 [INFO] DbBoards:156 - Kit is not supported: STEVAL-BFA001V1B
2022-08-05 14:48:52,256 [INFO] BoardInfo:879 - No configuration file found for board STEVAL-BFA001V2B
2022-08-05 14:48:52,256 [INFO] DbBoards:156 - Kit is not supported: STEVAL-BFA001V2B
2022-08-05 14:48:52,494 [INFO] DbBoards:160 - Found 176 boards, 173 are supported
2022-08-05 14:48:52,500 [INFO] ApiDb:418 - Load user favorites file C:\Users\Snadil Azad/.stm32cubeide/favorites.boards.txt: 0 item(s)
2022-08-05 14:48:52,500 [INFO] ApiDb:422 - User favorites Boards=[]
2022-08-05 14:48:52,501 [INFO] DbBoards:189 - Set 0 / 0 favorites Boards
2022-08-05 14:50:09,156 [INFO] MainUpdater:2768 - connection check result : 10
2022-08-05 14:50:09,157 [INFO] MainUpdater:2768 - connection check result : 10
2022-08-05 14:50:09,196 [INFO] MicroXplorer:451 - Change Database Path : 
2022-08-05 14:50:09,197 [INFO] MicroXplorer:481 - Change Database Version : DB.6.0.60
2022-08-05 14:50:09,199 [WARN] ThirdParty:827 - waiting for thirdparty lock release [close project]
2022-08-05 14:50:09,199 [INFO] ThirdParty:829 - entering critical section [close project]
2022-08-05 14:50:09,201 [INFO] ThirdParty:839 - exiting critical section [close project]
2022-08-05 14:50:09,208 [INFO] PinOutPanel:1468 - setPackage(No Configuration,No Configuration)
2022-08-05 14:50:09,218 [INFO] UtilMem:74 - Begin LoadConfig() Used Memory: 441404864 Bytes (771751936)
2022-08-05 14:50:09,220 [INFO] MicroXplorer:451 - Change Database Path : 
2022-08-05 14:50:09,220 [INFO] MicroXplorer:481 - Change Database Version : DB.6.0.60
2022-08-05 14:50:09,220 [INFO] OpenFileManager:307 - Change cursor
2022-08-05 14:50:09,436 [INFO] Mcu:1922 - Initializing MCU STM32F103C8Tx STM32F103C8Tx 
2022-08-05 14:50:09,437 [INFO] Mcu:1935 - No CPN specified => set CPN to STM32F103C8T6
2022-08-05 14:50:10,855 [INFO] Context:654 - Trying to add GPIOservice into a context  which must be forbidden
2022-08-05 14:50:11,445 [INFO] ImportTextPane:193 - (OptionalMessage_ERROR) Unable to find key (Mcu.ThirdPartyNb) in loaded IOC file
2022-08-05 14:50:11,445 [INFO] ImportTextPane:193 - (OptionalMessage_ERROR) Unable to find key (Mcu.PinsNb) in loaded IOC file
2022-08-05 14:50:11,445 [INFO] ImportTextPane:193 - (OptionalMessage_ERROR) Unable to find key (Mcu.IPNb) in loaded IOC file
2022-08-05 14:50:11,628 [WARN] ApiManager:308 - Cannot register API 'Board Extension:GNSS1A1' from pack STMicroelectronics.X-CUBE-GNSS1.6.0.0: no header file found
2022-08-05 14:50:11,628 [WARN] ApiManager:308 - Cannot register API 'Board Support:Custom' from pack STMicroelectronics.X-CUBE-GNSS1.6.0.0: no header file found
2022-08-05 14:50:11,628 [WARN] ApiManager:308 - Cannot register API 'Data Exchange:lib_gnss' from pack STMicroelectronics.X-CUBE-GNSS1.6.0.0: no header file found
2022-08-05 14:50:11,967 [WARN] ApiManager:308 - Cannot register API 'Board Extension:IKS01A3' from pack STMicroelectronics.X-CUBE-MEMS1.9.2.0: no header file found
2022-08-05 14:50:11,967 [WARN] ApiManager:308 - Cannot register API 'Board Extension:IKS01A2' from pack STMicroelectronics.X-CUBE-MEMS1.9.2.0: no header file found
2022-08-05 14:50:11,967 [WARN] ApiManager:308 - Cannot register API 'Board Extension:IKS02A1' from pack STMicroelectronics.X-CUBE-MEMS1.9.2.0: no header file found
2022-08-05 14:50:12,009 [WARN] ApiManager:308 - Cannot register API 'Wireless:BlueNRG-MS' from pack STMicroelectronics.X-CUBE-BLE1.6.2.3: no header file found
2022-08-05 14:50:12,011 [INFO] RtosManager:488 - Registered RTOS mode: class=CMSIS, group=RTOS, mode=CMSIS_V1, owner=FREERTOS
2022-08-05 14:50:12,012 [INFO] RtosManager:488 - Registered RTOS mode: class=CMSIS, group=RTOS2, mode=CMSIS_V2, owner=FREERTOS
2022-08-05 14:50:12,015 [INFO] RtosManager:488 - Registered RTOS mode: class=RTOS, group=Core, mode=CMSIS_V1, owner=FREERTOS
2022-08-05 14:50:12,015 [INFO] RtosManager:488 - Registered RTOS mode: class=RTOS, group=Core, mode=CMSIS_V2, owner=FREERTOS
2022-08-05 14:50:12,015 [WARN] ModelIntegratedComponent:185 - Missing modes for component STMicroelectronics:FreeRTOS:0.0.1:STMicroelectronics:RTOS:FreeRTOS:Core:::10.2.0:
2022-08-05 14:50:12,022 [WARN] ApiManager:308 - Cannot register API 'Board Extension:S2868A1' from pack STMicroelectronics.X-CUBE-SUBG2.5.0.0: no header file found
2022-08-05 14:50:12,022 [WARN] ApiManager:308 - Cannot register API 'Board Extension:S2868A2' from pack STMicroelectronics.X-CUBE-SUBG2.5.0.0: no header file found
2022-08-05 14:50:12,022 [WARN] ApiManager:308 - Cannot register API 'Board Extension:S2915A1' from pack STMicroelectronics.X-CUBE-SUBG2.5.0.0: no header file found
2022-08-05 14:50:12,036 [WARN] ApiManager:308 - Cannot register API 'Board Extension:NFC04A1' from pack STMicroelectronics.X-CUBE-NFC4.2.0.4: no header file found
2022-08-05 14:50:12,049 [WARN] ModelIntegratedComponent:64 - No mode defined for component null
2022-08-05 14:50:12,050 [WARN] ModelIntegratedComponent:64 - No mode defined for component null
2022-08-05 14:50:12,050 [WARN] ModelIntegratedComponent:64 - No mode defined for component null
2022-08-05 14:50:12,050 [WARN] ModelIntegratedComponent:64 - No mode defined for component null
2022-08-05 14:50:12,050 [WARN] ModelIntegratedComponent:64 - No mode defined for component null
2022-08-05 14:50:12,051 [WARN] ModelIntegratedComponent:64 - No mode defined for component null
2022-08-05 14:50:12,051 [WARN] ModelIntegratedComponent:64 - No mode defined for component null
2022-08-05 14:50:12,051 [WARN] ModelIntegratedComponent:64 - No mode defined for component null
2022-08-05 14:50:12,051 [WARN] ModelIntegratedComponent:64 - No mode defined for component null
2022-08-05 14:50:12,051 [WARN] ModelIntegratedComponent:64 - No mode defined for component null
2022-08-05 14:50:12,052 [WARN] ModelIntegratedComponent:64 - No mode defined for component null
2022-08-05 14:50:12,052 [WARN] ModelIntegratedComponent:64 - No mode defined for component null
2022-08-05 14:50:12,052 [WARN] ModelIntegratedComponent:64 - No mode defined for component null
2022-08-05 14:50:12,052 [WARN] ModelIntegratedComponent:64 - No mode defined for component null
2022-08-05 14:50:12,052 [WARN] ModelIntegratedComponent:64 - No mode defined for component null
2022-08-05 14:50:12,052 [WARN] ModelIntegratedComponent:64 - No mode defined for component null
2022-08-05 14:50:12,052 [WARN] ModelIntegratedComponent:64 - No mode defined for component null
2022-08-05 14:50:12,052 [WARN] ModelIntegratedComponent:64 - No mode defined for component null
2022-08-05 14:50:12,053 [WARN] ModelIntegratedComponent:64 - No mode defined for component null
2022-08-05 14:50:12,053 [WARN] ModelIntegratedComponent:64 - No mode defined for component null
2022-08-05 14:50:12,054 [WARN] ModelIntegratedComponent:64 - No mode defined for component null
2022-08-05 14:50:12,054 [WARN] ModelIntegratedComponent:64 - No mode defined for component null
2022-08-05 14:50:12,054 [WARN] ModelIntegratedComponent:64 - No mode defined for component null
2022-08-05 14:50:12,054 [WARN] ModelIntegratedComponent:64 - No mode defined for component null
2022-08-05 14:50:12,054 [WARN] ModelIntegratedComponent:64 - No mode defined for component null
2022-08-05 14:50:12,054 [WARN] ModelIntegratedComponent:64 - No mode defined for component null
2022-08-05 14:50:12,054 [WARN] ModelIntegratedComponent:64 - No mode defined for component null
2022-08-05 14:50:12,054 [WARN] ModelIntegratedComponent:64 - No mode defined for component null
2022-08-05 14:50:12,055 [WARN] ModelIntegratedComponent:64 - No mode defined for component null
2022-08-05 14:50:12,055 [WARN] ModelIntegratedComponent:64 - No mode defined for component null
2022-08-05 14:50:12,055 [WARN] ModelIntegratedComponent:64 - No mode defined for component null
2022-08-05 14:50:12,055 [WARN] ModelIntegratedComponent:64 - No mode defined for component null
2022-08-05 14:50:12,055 [WARN] ModelIntegratedComponent:64 - No mode defined for component null
2022-08-05 14:50:12,060 [WARN] ApiManager:308 - Cannot register API 'Board Extension:NFC07A1' from pack STMicroelectronics.X-CUBE-NFC7.1.0.0: no header file found
2022-08-05 14:50:12,239 [WARN] ApiManager:308 - Cannot register API 'Board Extension:IKS01A3' from pack STMicroelectronics.X-CUBE-MEMS1.9.3.0: no header file found
2022-08-05 14:50:12,239 [WARN] ApiManager:308 - Cannot register API 'Board Extension:IKS01A2' from pack STMicroelectronics.X-CUBE-MEMS1.9.3.0: no header file found
2022-08-05 14:50:12,239 [WARN] ApiManager:308 - Cannot register API 'Board Extension:IKS02A1' from pack STMicroelectronics.X-CUBE-MEMS1.9.3.0: no header file found
2022-08-05 14:50:12,250 [WARN] ApiManager:308 - Cannot register API 'Board Extension:EEPRMA1' from pack STMicroelectronics.X-CUBE-EEPRMA1.3.1.1: no header file found
2022-08-05 14:50:12,250 [WARN] ApiManager:308 - Cannot register API 'Board Extension:EEPRMA2' from pack STMicroelectronics.X-CUBE-EEPRMA1.3.1.1: no header file found
2022-08-05 14:50:12,251 [WARN] ApiManager:308 - Cannot register API 'Board Extension:S2868A1' from pack STMicroelectronics.X-CUBE-SFXS2LP1.4.0.0: no header file found
2022-08-05 14:50:12,251 [WARN] ApiManager:308 - Cannot register API 'Board Extension:S2868A2' from pack STMicroelectronics.X-CUBE-SFXS2LP1.4.0.0: no header file found
2022-08-05 14:50:12,251 [WARN] ApiManager:308 - Cannot register API 'Board Extension:S2915A1' from pack STMicroelectronics.X-CUBE-SFXS2LP1.4.0.0: no header file found
2022-08-05 14:50:12,252 [WARN] ApiManager:308 - Cannot register API 'Wireless:BlueNRG-2' from pack STMicroelectronics.X-CUBE-BLE2.3.3.0: no header file found
2022-08-05 14:50:12,264 [INFO] ThirdPartyModel:289 - Start build external matchings
2022-08-05 14:50:12,918 [INFO] ThirdPartyModel:302 - End build external matchings
2022-08-05 14:50:13,201 [INFO] UtilMem:74 - End LoadConfig() Used Memory: 616806080 Bytes (771751936)
2022-08-05 14:50:13,236 [WARN] ThirdParty:789 - waiting for thirdparty lock release [change project]
2022-08-05 14:50:13,237 [INFO] ThirdParty:791 - entering critical section [change project]
2022-08-05 14:50:13,238 [INFO] ThirdParty:981 - CMSIS Pack Vendor :RoweBots I-CUBE-UNISONRTOS 5.5.0-4
2022-08-05 14:50:13,238 [INFO] ThirdParty:981 - CMSIS Pack Vendor :STMicroelectronics X-CUBE-GNSS1 6.0.0
2022-08-05 14:50:13,238 [INFO] ThirdParty:981 - CMSIS Pack Vendor :STMicroelectronics X-CUBE-AZRTOS-H7 2.1.0
2022-08-05 14:50:13,238 [INFO] ThirdParty:981 - CMSIS Pack Vendor :STMicroelectronics USB_HOST 2.0.0
2022-08-05 14:50:13,238 [INFO] ThirdParty:981 - CMSIS Pack Vendor :STMicroelectronics X-CUBE-AZRTOS-F4 1.1.0
2022-08-05 14:50:13,238 [INFO] ThirdParty:981 - CMSIS Pack Vendor :STMicroelectronics LIBJPEG 8.0.0
2022-08-05 14:50:13,238 [INFO] ThirdParty:981 - CMSIS Pack Vendor :wolfSSL I-CUBE-wolfSSL 5.4.0
2022-08-05 14:50:13,238 [INFO] ThirdParty:981 - CMSIS Pack Vendor :STMicroelectronics USB_DEVICE 3.0.0
2022-08-05 14:50:13,239 [INFO] ThirdParty:981 - CMSIS Pack Vendor :STMicroelectronics X-CUBE-BLEMGR 1.0.0
2022-08-05 14:50:13,239 [INFO] ThirdParty:981 - CMSIS Pack Vendor :STMicroelectronics X-CUBE-MEMS1 9.2.0
2022-08-05 14:50:13,239 [INFO] ThirdParty:981 - CMSIS Pack Vendor :STMicroelectronics X-CUBE-AZRTOS-F7 1.1.0
2022-08-05 14:50:13,239 [INFO] ThirdParty:981 - CMSIS Pack Vendor :STMicroelectronics USB_DEVICE 2.0.0
2022-08-05 14:50:13,239 [INFO] ThirdParty:981 - CMSIS Pack Vendor :STMicroelectronics X-CUBE-BLE1 6.2.3
2022-08-05 14:50:13,239 [INFO] ThirdParty:981 - CMSIS Pack Vendor :STMicroelectronics X-CUBE-ALGOBUILD 1.3.0
2022-08-05 14:50:13,239 [INFO] ThirdParty:981 - CMSIS Pack Vendor :STMicroelectronics FreeRTOS 0.0.1
2022-08-05 14:50:13,239 [INFO] ThirdParty:981 - CMSIS Pack Vendor :STMicroelectronics X-CUBE-AZRTOS-G0 1.1.0
2022-08-05 14:50:13,239 [INFO] ThirdParty:981 - CMSIS Pack Vendor :STMicroelectronics X-CUBE-SUBG2 5.0.0
2022-08-05 14:50:13,239 [INFO] ThirdParty:981 - CMSIS Pack Vendor :SEGGER I-CUBE-embOS 1.2.0
2022-08-05 14:50:13,239 [INFO] ThirdParty:981 - CMSIS Pack Vendor :STMicroelectronics STM32_WPAN 1.0.0
2022-08-05 14:50:13,240 [INFO] ThirdParty:981 - CMSIS Pack Vendor :STMicroelectronics lwIP 2.0.3
2022-08-05 14:50:13,240 [INFO] ThirdParty:981 - CMSIS Pack Vendor :STMicroelectronics X-CUBE-NFC4 2.0.4
2022-08-05 14:50:13,240 [INFO] ThirdParty:981 - CMSIS Pack Vendor :STMicroelectronics USB_HOST 1.0.0
2022-08-05 14:50:13,240 [INFO] ThirdParty:981 - CMSIS Pack Vendor :STMicroelectronics PDM2PCM 3.1.0
2022-08-05 14:50:13,240 [INFO] ThirdParty:981 - CMSIS Pack Vendor :STMicroelectronics PDM2PCM 3.3.0
2022-08-05 14:50:13,240 [INFO] ThirdParty:981 - CMSIS Pack Vendor :STMicroelectronics X-CUBE-TOF1 3.1.0
2022-08-05 14:50:13,240 [INFO] ThirdParty:981 - CMSIS Pack Vendor :STMicroelectronics FP-ATR-ASTRA1 1.1.0
2022-08-05 14:50:13,240 [INFO] ThirdParty:981 - CMSIS Pack Vendor :STMicroelectronics X-CUBE-AZRTOS-F4 1.0.0
2022-08-05 14:50:13,240 [INFO] ThirdParty:981 - CMSIS Pack Vendor :STMicroelectronics X-CUBE-AZRTOS-G4 1.0.0
2022-08-05 14:50:13,240 [INFO] ThirdParty:981 - CMSIS Pack Vendor :STMicroelectronics X-CUBE-AZRTOS-L4 1.0.0
2022-08-05 14:50:13,241 [INFO] ThirdParty:981 - CMSIS Pack Vendor :STMicroelectronics HAL Drivers 0.0.0
2022-08-05 14:50:13,241 [INFO] ThirdParty:981 - CMSIS Pack Vendor :STMicroelectronics MBEDTLS 2.16.2
2022-08-05 14:50:13,245 [INFO] ThirdParty:981 - CMSIS Pack Vendor :emotas I-CUBE-CANOPEN 1.1.2
2022-08-05 14:50:13,245 [INFO] ThirdParty:981 - CMSIS Pack Vendor :STMicroelectronics X-CUBE-TOUCHGFX 4.20.0
2022-08-05 14:50:13,245 [INFO] ThirdParty:981 - CMSIS Pack Vendor :STMicroelectronics MBEDTLS 2.14.1
2022-08-05 14:50:13,246 [INFO] ThirdParty:981 - CMSIS Pack Vendor :STMicroelectronics X-CUBE-NFC7 1.0.0
2022-08-05 14:50:13,246 [INFO] ThirdParty:981 - CMSIS Pack Vendor :STMicroelectronics X-CUBE-AZRTOS-WL 1.0.0
2022-08-05 14:50:13,246 [INFO] ThirdParty:981 - CMSIS Pack Vendor :STMicroelectronics X-CUBE-MEMS1 9.3.0
2022-08-05 14:50:13,246 [INFO] ThirdParty:981 - CMSIS Pack Vendor :portGmbH I-Cube-SoM-uGOAL 1.1.0
2022-08-05 14:50:13,246 [INFO] ThirdParty:981 - CMSIS Pack Vendor :STMicroelectronics X-CUBE-ALS 1.0.1
2022-08-05 14:50:13,246 [INFO] ThirdParty:981 - CMSIS Pack Vendor :STMicroelectronics X-CUBE-AI 7.2.0
2022-08-05 14:50:13,246 [INFO] ThirdParty:981 - CMSIS Pack Vendor :STMicroelectronics ThreadX 1.0.0
2022-08-05 14:50:13,247 [INFO] ThirdParty:981 - CMSIS Pack Vendor :STMicroelectronics X-CUBE-AZRTOS-L5 1.0.0
2022-08-05 14:50:13,247 [INFO] ThirdParty:981 - CMSIS Pack Vendor :STMicroelectronics USB_DEVICE 1.0.0
2022-08-05 14:50:13,247 [INFO] ThirdParty:981 - CMSIS Pack Vendor :STMicroelectronics X-CUBE-EEPRMA1 3.1.1
2022-08-05 14:50:13,247 [INFO] ThirdParty:981 - CMSIS Pack Vendor :STMicroelectronics ThreadX 0.0.2
2022-08-05 14:50:13,247 [INFO] ThirdParty:981 - CMSIS Pack Vendor :STMicroelectronics lwIP 2.1.2
2022-08-05 14:50:13,247 [INFO] ThirdParty:981 - CMSIS Pack Vendor :STMicroelectronics X-CUBE-SFXS2LP1 4.0.0
2022-08-05 14:50:13,247 [INFO] ThirdParty:981 - CMSIS Pack Vendor :STMicroelectronics X-CUBE-BLE2 3.3.0
2022-08-05 14:50:13,247 [INFO] ThirdParty:981 - CMSIS Pack Vendor :STMicroelectronics X-CUBE-DISPLAY 2.2.0
2022-08-05 14:50:13,247 [INFO] ThirdParty:981 - CMSIS Pack Vendor :STMicroelectronics PDM2PCM 3.2.0
2022-08-05 14:50:13,248 [INFO] ThirdParty:797 - exiting critical section [change project]
2022-08-05 14:50:13,731 [INFO] PinOutPanel:1468 - setPackage(No Configuration,No Configuration)
2022-08-05 14:50:13,733 [INFO] PinOutPanel:1468 - setPackage(STM32F103C8Tx,LQFP48)
2022-08-05 14:50:15,181 [INFO] UtilMem:74 - Before build in PCC Used Memory: 466574848 Bytes (771751936)
2022-08-05 14:50:17,030 [INFO] UtilMem:74 - After build in PCC Used Memory: 642735616 Bytes (771751936)
2022-08-05 14:50:17,062 [INFO] IPUIPlugin:79 - create IPUIPlugin
2022-08-05 14:50:17,062 [INFO] IPUIPlugin:79 - create IPUIPlugin
2022-08-05 14:50:17,064 [INFO] IPUIPlugin:79 - create IPUIPlugin
2022-08-05 14:50:17,067 [INFO] IPUIPlugin:79 - create IPUIPlugin
2022-08-05 14:50:17,067 [INFO] IPUIPlugin:79 - create IPUIPlugin
2022-08-05 14:50:17,067 [INFO] IPUIPlugin:79 - create IPUIPlugin
2022-08-05 14:50:17,106 [INFO] IPUIPlugin:79 - create IPUIPlugin
2022-08-05 14:50:17,106 [INFO] IPUIPlugin:79 - create IPUIPlugin
2022-08-05 14:50:17,106 [INFO] IPUIPlugin:79 - create IPUIPlugin
2022-08-05 14:50:17,106 [INFO] IPUIPlugin:79 - create IPUIPlugin
2022-08-05 14:50:17,107 [INFO] IPUIPlugin:79 - create IPUIPlugin
2022-08-05 14:50:17,107 [INFO] IPUIPlugin:79 - create IPUIPlugin
2022-08-05 14:50:17,108 [INFO] IPUIPlugin:79 - create IPUIPlugin
2022-08-05 14:50:17,109 [INFO] IPUIPlugin:79 - create IPUIPlugin
2022-08-05 14:50:17,110 [INFO] IPUIPlugin:79 - create IPUIPlugin
2022-08-05 14:50:17,110 [INFO] IPUIPlugin:79 - create IPUIPlugin
2022-08-05 14:50:17,111 [INFO] IPUIPlugin:79 - create IPUIPlugin
2022-08-05 14:50:17,112 [INFO] IPUIPlugin:79 - create IPUIPlugin
2022-08-05 14:50:17,112 [INFO] IPUIPlugin:79 - create IPUIPlugin
2022-08-05 14:50:17,112 [INFO] IPUIPlugin:79 - create IPUIPlugin
2022-08-05 14:50:17,113 [INFO] IPUIPlugin:79 - create IPUIPlugin
2022-08-05 14:50:17,113 [INFO] IPUIPlugin:79 - create IPUIPlugin
2022-08-05 14:50:17,114 [INFO] IPUIPlugin:79 - create IPUIPlugin
2022-08-05 14:50:17,115 [INFO] IPUIPlugin:79 - create IPUIPlugin
2022-08-05 14:50:17,115 [INFO] IPUIPlugin:79 - create IPUIPlugin
2022-08-05 14:50:17,116 [INFO] IPUIPlugin:79 - create IPUIPlugin
2022-08-05 14:50:17,117 [INFO] IPUIPlugin:79 - create IPUIPlugin
2022-08-05 14:50:17,412 [INFO] OpenFileManager:327 - Restore cursor
2022-08-05 14:50:18,349 [INFO] UtilMem:74 - End SaveConfig() Used Memory: 494360064 Bytes (771751936)
2022-08-05 14:50:18,420 [INFO] UtilMem:74 - End SaveConfig() Used Memory: 503797248 Bytes (771751936)
2022-08-05 14:50:19,265 [INFO] BlockDiagram:2753 - set Specific Code input for plugin: NVIC
2022-08-05 14:50:19,266 [INFO] BlockDiagram:2753 - set Specific Code input for plugin: RCC
2022-08-05 14:50:19,268 [INFO] CodeGenerator:690 - code generatio: config db path: C:\ST\STM32CubeIDE_1.10.1\STM32CubeIDE\plugins\com.st.stm32cube.common.mx_6.6.1.202207061420\\db\
2022-08-05 14:50:20,114 [INFO] CodeEngine:245 - oldGeneratedFile, C:\Users\Snadil Azad\stm32\UART_DRIVER\uart_driver\MXTmpFiles\license.tmp_save
2022-08-05 14:50:21,010 [INFO] CodeEngine:269 - Generated code: C:\Users\Snadil Azad\stm32\UART_DRIVER\uart_driver\MXTmpFiles\license.tmp
2022-08-05 14:50:21,065 [INFO] CodeEngine:245 - oldGeneratedFile, C:\Users\Snadil Azad\stm32\UART_DRIVER\uart_driver\Core\Src\stm32f1xx_it.c_save
2022-08-05 14:50:21,363 [INFO] CodeEngine:269 - Generated code: C:\Users\Snadil Azad\stm32\UART_DRIVER\uart_driver\Core\Src\stm32f1xx_it.c
2022-08-05 14:50:21,377 [INFO] CodeEngine:245 - oldGeneratedFile, C:\Users\Snadil Azad\stm32\UART_DRIVER\uart_driver\Core\Inc\stm32f1xx_it.h_save
2022-08-05 14:50:21,541 [INFO] CodeEngine:269 - Generated code: C:\Users\Snadil Azad\stm32\UART_DRIVER\uart_driver\Core\Inc\stm32f1xx_it.h
2022-08-05 14:50:21,724 [INFO] CodeEngine:245 - oldGeneratedFile, C:\Users\Snadil Azad\stm32\UART_DRIVER\uart_driver\Core\Src\stm32f1xx_hal_msp.c_save
2022-08-05 14:50:21,935 [INFO] CodeEngine:269 - Generated code: C:\Users\Snadil Azad\stm32\UART_DRIVER\uart_driver\Core\Src\stm32f1xx_hal_msp.c
2022-08-05 14:50:21,947 [INFO] CodeEngine:245 - oldGeneratedFile, C:\Users\Snadil Azad\stm32\UART_DRIVER\uart_driver\MXTmpFiles\system.tmp_save
2022-08-05 14:50:22,063 [INFO] CodeEngine:269 - Generated code: C:\Users\Snadil Azad\stm32\UART_DRIVER\uart_driver\MXTmpFiles\system.tmp
2022-08-05 14:50:22,105 [INFO] CodeEngine:245 - oldGeneratedFile, C:\Users\Snadil Azad\stm32\UART_DRIVER\uart_driver\Core\Inc\stm32f1xx_hal_conf.h_save
2022-08-05 14:50:22,286 [INFO] CodeEngine:269 - Generated code: C:\Users\Snadil Azad\stm32\UART_DRIVER\uart_driver\Core\Inc\stm32f1xx_hal_conf.h
2022-08-05 14:50:22,374 [INFO] CodeEngine:245 - oldGeneratedFile, C:\Users\Snadil Azad\stm32\UART_DRIVER\uart_driver\Core\Inc\main.h_save
2022-08-05 14:50:22,532 [INFO] CodeEngine:269 - Generated code: C:\Users\Snadil Azad\stm32\UART_DRIVER\uart_driver\Core\Inc\main.h
2022-08-05 14:50:22,546 [INFO] CodeEngine:245 - oldGeneratedFile, C:\Users\Snadil Azad\stm32\UART_DRIVER\uart_driver\Core\Src\main.c_save
2022-08-05 14:50:23,052 [INFO] CodeEngine:269 - Generated code: C:\Users\Snadil Azad\stm32\UART_DRIVER\uart_driver\Core\Src\main.c
2022-08-05 14:50:24,916 [INFO] ProjectBuilder:2919 - Time for Copy HAL[1] : 423mS.
2022-08-05 14:50:24,934 [INFO] ProjectBuilder:4117 - Project Generator version: 3.17.1
2022-08-05 14:50:25,566 [INFO] ConfigFileManager:1394 - The Die is : DIE410
2022-08-05 14:50:25,585 [INFO] ApiDbMcu:505 - Load IP Config File for FATFS
2022-08-05 14:50:25,604 [INFO] ApiDbMcu:505 - Load IP Config File for FREERTOS
2022-08-05 14:50:25,627 [INFO] ApiDbMcu:505 - Load IP Config File for USB_DEVICE
2022-08-05 14:50:34,130 [INFO] ProjectBuilder:4285 - Time for Generating toolchain IDE Files: 9196mS.
2022-08-05 14:50:34,132 [INFO] ProjectBuilder:2790 - Time for Copy CMSIS : 0mS.
2022-08-05 14:50:34,152 [INFO] ProjectBuilder:2790 - Time for Copy CMSIS : 0mS.
2022-08-05 14:50:34,540 [INFO] McuFinderGlobals:57 - Set McuFinderConnectedMode to true
2022-08-05 14:50:34,543 [INFO] ApiDb:443 - Save user favorites file C:\Users\Snadil Azad/.stm32cubeide/favorites.mcus.txt: 0 item(s)
2022-08-05 14:50:34,543 [INFO] ApiDb:447 - User favorites MCUs=[]
